0 info it worked if it ends with ok
1 verbose cli [ 'C:\\Program Files\\nodejs\\node.exe',
1 verbose cli   'C:\\Program Files\\nodejs\\node_modules\\npm\\bin\\npm-cli.js',
1 verbose cli   'start' ]
2 info using npm@3.10.8
3 info using node@v6.9.0
4 verbose run-script [ 'prestart', 'start', 'poststart' ]
5 info lifecycle BootstrapAngularAdminWebApp@2.2.0~prestart: BootstrapAngularAdminWebApp@2.2.0
6 silly lifecycle BootstrapAngularAdminWebApp@2.2.0~prestart: no script for prestart, continuing
7 info lifecycle BootstrapAngularAdminWebApp@2.2.0~start: BootstrapAngularAdminWebApp@2.2.0
8 verbose lifecycle BootstrapAngularAdminWebApp@2.2.0~start: unsafe-perm in lifecycle true
9 verbose lifecycle BootstrapAngularAdminWebApp@2.2.0~start: PATH: C:\Program Files\nodejs\node_modules\npm\bin\node-gyp-bin;c:\Users\Henry\Desktop\WEB DEV\Padio_RST\node-express-gen-padio\public\r_admin\node_modules\.bin;C:\Program Files\NVIDIA GPU Computing Toolkit\CUDA\v8.0\bin;C:\Program Files\NVIDIA GPU Computing Toolkit\CUDA\v8.0\libnvvp;C:\ProgramData\Oracle\Java\javapath;C:\Program Files (x86)\Intel\iCLS Client\;C:\Program Files\Intel\iCLS Client\;C:\Windows\system32;C:\Windows;C:\Windows\System32\Wbem;C:\Windows\System32\WindowsPowerShell\v1.0\;C:\Program Files (x86)\NVIDIA Corporation\PhysX\Common;C:\WINDOWS\system32;C:\WINDOWS;C:\WINDOWS\System32\Wbem;C:\WINDOWS\System32\WindowsPowerShell\v1.0\;C:\Users\Henry\.dnx\bin;C:\Program Files\Microsoft DNX\Dnvm\;C:\Program Files (x86)\Windows Kits\8.1\Windows Performance Toolkit\;C:\Program Files\Git\cmd;C:\Program Files (x86)\CMake\bin;C:\Program Files (x86)\Microsoft SQL Server\100\Tools\Binn\;C:\Program Files\Microsoft SQL Server\100\Tools\Binn\;C:\Program Files\Microsoft SQL Server\100\DTS\Binn\;C:\Program Files\Common Files\Autodesk Shared\;C:\Program Files (x86)\Autodesk\Backburner\;C:\Program Files (x86)\Skype\Phone\;C:\Xilinx\14.7\ISE_DS\ISE\gnu\MinGW\5.0.0\nt\bin\;C:\Program Files\MySQL\MySQL Utilities 1.6\;C:\Program Files (x86)\Brackets\command;C:\Program Files\nodejs\;E:\Matlab\runtime\win64;E:\Matlab\bin;E:\Matlab\polyspace\bin;C:\Users\Henry\AppData\Local\Programs\Python\Python35\Scripts\;C:\Users\Henry\AppData\Local\Programs\Python\Python35\;C:\Program Files (x86)\Microsoft VS Code\bin;C:\Program Files (x86)\GNU Tools ARM Embedded\4.7 2014q2\bin;C:\Users\Henry\AppData\Local\Microsoft\WindowsApps;C:\Users\Henry\AppData\Roaming\npm;C:\Users\Henry\AppData\Local\Pandoc\
10 verbose lifecycle BootstrapAngularAdminWebApp@2.2.0~start: CWD: c:\Users\Henry\Desktop\WEB DEV\Padio_RST\node-express-gen-padio\public\r_admin
11 silly lifecycle BootstrapAngularAdminWebApp@2.2.0~start: Args: [ '/d /s /c',
11 silly lifecycle   'node node_modules/http-server/bin/http-server -o' ]
12 silly lifecycle BootstrapAngularAdminWebApp@2.2.0~start: Returned: code: 1  signal: null
13 info lifecycle BootstrapAngularAdminWebApp@2.2.0~start: Failed to exec start script
14 verbose stack Error: BootstrapAngularAdminWebApp@2.2.0 start: `node node_modules/http-server/bin/http-server -o`
14 verbose stack Exit status 1
14 verbose stack     at EventEmitter.<anonymous> (C:\Program Files\nodejs\node_modules\npm\lib\utils\lifecycle.js:255:16)
14 verbose stack     at emitTwo (events.js:106:13)
14 verbose stack     at EventEmitter.emit (events.js:191:7)
14 verbose stack     at ChildProcess.<anonymous> (C:\Program Files\nodejs\node_modules\npm\lib\utils\spawn.js:40:14)
14 verbose stack     at emitTwo (events.js:106:13)
14 verbose stack     at ChildProcess.emit (events.js:191:7)
14 verbose stack     at maybeClose (internal/child_process.js:877:16)
14 verbose stack     at Process.ChildProcess._handle.onexit (internal/child_process.js:226:5)
15 verbose pkgid BootstrapAngularAdminWebApp@2.2.0
16 verbose cwd c:\Users\Henry\Desktop\WEB DEV\Padio_RST\node-express-gen-padio\public\r_admin
17 error Windows_NT 10.0.14393
18 error argv "C:\\Program Files\\nodejs\\node.exe" "C:\\Program Files\\nodejs\\node_modules\\npm\\bin\\npm-cli.js" "start"
19 error node v6.9.0
20 error npm  v3.10.8
21 error code ELIFECYCLE
22 error BootstrapAngularAdminWebApp@2.2.0 start: `node node_modules/http-server/bin/http-server -o`
22 error Exit status 1
23 error Failed at the BootstrapAngularAdminWebApp@2.2.0 start script 'node node_modules/http-server/bin/http-server -o'.
23 error Make sure you have the latest version of node.js and npm installed.
23 error If you do, this is most likely a problem with the BootstrapAngularAdminWebApp package,
23 error not with npm itself.
23 error Tell the author that this fails on your system:
23 error     node node_modules/http-server/bin/http-server -o
23 error You can get information on how to open an issue for this project with:
23 error     npm bugs BootstrapAngularAdminWebApp
23 error Or if that isn't available, you can get their info via:
23 error     npm owner ls BootstrapAngularAdminWebApp
23 error There is likely additional logging output above.
24 verbose exit [ 1, true ]
